19:33:47.804 [main] INFO  - ************Filling the details in the form***********
19:33:56.024 [main] INFO  - ************Submitting the form************
19:33:56.444 [main] INFO  - ************Printing the Confirmation Message************
19:33:58.578 [main] DEBUG - Parsing relationship: /xl/_rels/workbook.xml.rels
19:33:58.583 [main] DEBUG - Parsing relationship: /xl/worksheets/_rels/sheet1.xml.rels
19:33:58.587 [main] DEBUG - Parsing relationship: /_rels/.rels
19:33:58.662 [main] DEBUG - using default POIXMLDocumentPart for http://schemas.openxmlformats.org/officeDocument/2006/relationships/printerSettings
19:34:18.127 [main] INFO  - ************Opening gift card page************
19:34:48.164 [main] INFO  - ************Choosing occasion as Anniversary/Birthday************
19:34:48.516 [main] INFO  - ************Entering amount as 1000***********
19:34:49.606 [main] INFO  - ************Filling the details in the form***********
19:34:57.700 [main] INFO  - ************Submitting the form************
19:34:58.091 [main] INFO  - ************Printing the Confirmation Message************
19:35:17.170 [main] INFO  - ************Opening gift card page************
19:36:08.273 [main] INFO  - ************Opening gift card page************
19:36:36.578 [main] INFO  - ************Choosing occasion as Anniversary/Birthday************
19:36:37.064 [main] INFO  - ************Entering amount as 1000***********
19:36:38.314 [main] INFO  - ************Filling the details in the form***********
19:36:46.343 [main] INFO  - ************Submitting the form************
19:36:46.525 [main] INFO  - ************Printing the Confirmation Message************
19:43:11.273 [main] DEBUG - Parsing relationship: /xl/_rels/workbook.xml.rels
19:43:11.310 [main] DEBUG - Parsing relationship: /xl/worksheets/_rels/sheet1.xml.rels
19:43:11.315 [main] DEBUG - Parsing relationship: /_rels/.rels
19:43:12.408 [main] TRACE - Loading type system org.apache.poi.schemas.ooxml.system.ooxml
19:43:12.420 [main] TRACE - Loading type system org.apache.xmlbeans.metadata.system.sXMLCONFIG
19:43:12.423 [main] TRACE - Loading type system org.apache.xmlbeans.metadata.system.sXMLLANG
19:43:12.426 [main] TRACE - Loading type system org.apache.xmlbeans.metadata.system.sXMLSCHEMA
19:43:12.427 [main] TRACE - Loading type system org.apache.xmlbeans.metadata.system.sXMLTOOLS
19:43:12.433 [main] TRACE - Reading unresolved handles for type system org.apache.xmlbeans.metadata.system.sXMLTOOLS
19:43:12.505 [main] TRACE - Finished loading type system org.apache.xmlbeans.metadata.system.sXMLTOOLS
19:43:12.509 [main] TRACE - Reading unresolved handles for type system org.apache.xmlbeans.metadata.system.sXMLSCHEMA
19:43:12.523 [main] TRACE - Finished loading type system org.apache.xmlbeans.metadata.system.sXMLSCHEMA
19:43:12.529 [main] TRACE - Reading unresolved handles for type system org.apache.xmlbeans.metadata.system.sXMLLANG
19:43:12.533 [main] TRACE - Finished loading type system org.apache.xmlbeans.metadata.system.sXMLLANG
19:43:12.539 [main] TRACE - Reading unresolved handles for type system org.apache.xmlbeans.metadata.system.sXMLCONFIG
19:43:12.543 [main] TRACE - Finished loading type system org.apache.xmlbeans.metadata.system.sXMLCONFIG
19:43:12.546 [main] TRACE - Reading unresolved handles for type system org.apache.poi.schemas.ooxml.system.ooxml
19:43:12.713 [main] TRACE - Finished loading type system org.apache.poi.schemas.ooxml.system.ooxml
19:43:12.718 [main] TRACE - Resolving type for handle themefd26doctype
19:43:13.008 [main] TRACE - Resolving type for handle stylesheet5d8bdoctype
19:43:13.028 [main] TRACE - Resolving type for handle ctstylesheet4257type
19:43:13.048 [main] TRACE - Resolving type for handle ctfonts6623type
19:43:13.061 [main] TRACE - Resolving type for handle ctfont14d8type
19:43:13.090 [main] TRACE - Resolving type for handle ctfills2c6ftype
19:43:13.101 [main] TRACE - Resolving type for handle ctfill550ctype
19:43:13.112 [main] TRACE - Resolving type for handle ctborders0d66type
19:43:13.126 [main] TRACE - Resolving type for handle ctborderf935type
19:43:13.140 [main] TRACE - Resolving type for handle ctcellxfs1322type
19:43:13.154 [main] TRACE - Resolving type for handle ctxf97f7type
19:43:13.173 [main] TRACE - Resolving type for handle ctcellstylexfsa81ftype
19:43:13.180 [main] TRACE - Resolving type for handle ctdxfsb26atype
19:43:13.187 [main] TRACE - Resolving type for handle cttablestyles872ftype
19:43:13.198 [main] TRACE - Resolving type for handle sstf81fdoctype
19:43:13.208 [main] TRACE - Resolving type for handle ctsst44f3type
19:43:13.244 [main] TRACE - Resolving type for handle ctrsta472type
19:43:13.392 [main] DEBUG - using default POIXMLDocumentPart for http://schemas.openxmlformats.org/officeDocument/2006/relationships/printerSettings
19:43:13.397 [main] TRACE - Resolving type for handle workbookec17doctype
19:43:13.412 [main] TRACE - Resolving type for handle ctworkbook83c3type
19:43:13.430 [main] TRACE - Resolving type for handle ctsheets49fdtype
19:43:13.441 [main] TRACE - Resolving type for handle ctsheet4dbetype
19:43:13.452 [main] TRACE - Resolving type for handle strelationshipid1e94type
19:43:13.467 [main] TRACE - Resolving type for handle worksheetf539doctype
19:43:13.491 [main] TRACE - Resolving type for handle ctworksheet530dtype
19:43:13.527 [main] TRACE - Resolving type for handle ctsheetdata8408type
19:43:13.541 [main] TRACE - Resolving type for handle ctrowdd39type
19:43:13.568 [main] TRACE - Resolving type for handle ctcell842btype
19:43:13.608 [main] TRACE - Resolving type for handle stcellrefe4e0type
19:43:13.652 [main] TRACE - Resolving type for handle ctcols627ctype
19:43:13.675 [main] TRACE - Resolving type for handle ctcola95ftype
19:43:13.761 [main] TRACE - Resolving type for handle stxstringf179type
19:43:13.773 [main] TRACE - Resolving type for handle stcelltypebf95type
19:43:13.823 [main] TRACE - Resolving type for handle stcellstylexfid70c7type
19:43:13.846 [main] TRACE - Resolving type for handle stnumfmtid76fbtype
19:43:13.864 [main] TRACE - Resolving type for handle ctworkbookpr03a5type
19:43:13.898 [main] TRACE - Resolving type for handle ctrelt6464type
19:43:13.907 [main] TRACE - Resolving type for handle ctrpreltecc2type
19:43:13.928 [main] TRACE - Resolving type for handle ctfontname2dc3type
19:44:27.390 [main] DEBUG - Parsing relationship: /xl/_rels/workbook.xml.rels
19:44:27.412 [main] DEBUG - Parsing relationship: /xl/worksheets/_rels/sheet1.xml.rels
19:44:27.416 [main] DEBUG - Parsing relationship: /_rels/.rels
19:44:28.543 [main] TRACE - Loading type system org.apache.poi.schemas.ooxml.system.ooxml
19:44:28.570 [main] TRACE - Loading type system org.apache.xmlbeans.metadata.system.sXMLCONFIG
19:44:28.573 [main] TRACE - Loading type system org.apache.xmlbeans.metadata.system.sXMLLANG
19:44:28.577 [main] TRACE - Loading type system org.apache.xmlbeans.metadata.system.sXMLSCHEMA
19:44:28.583 [main] TRACE - Loading type system org.apache.xmlbeans.metadata.system.sXMLTOOLS
19:44:28.595 [main] TRACE - Reading unresolved handles for type system org.apache.xmlbeans.metadata.system.sXMLTOOLS
19:44:28.724 [main] TRACE - Finished loading type system org.apache.xmlbeans.metadata.system.sXMLTOOLS
19:44:28.728 [main] TRACE - Reading unresolved handles for type system org.apache.xmlbeans.metadata.system.sXMLSCHEMA
19:44:28.742 [main] TRACE - Finished loading type system org.apache.xmlbeans.metadata.system.sXMLSCHEMA
19:44:28.746 [main] TRACE - Reading unresolved handles for type system org.apache.xmlbeans.metadata.system.sXMLLANG
19:44:28.749 [main] TRACE - Finished loading type system org.apache.xmlbeans.metadata.system.sXMLLANG
19:44:28.753 [main] TRACE - Reading unresolved handles for type system org.apache.xmlbeans.metadata.system.sXMLCONFIG
19:44:28.756 [main] TRACE - Finished loading type system org.apache.xmlbeans.metadata.system.sXMLCONFIG
19:44:28.760 [main] TRACE - Reading unresolved handles for type system org.apache.poi.schemas.ooxml.system.ooxml
19:44:28.959 [main] TRACE - Finished loading type system org.apache.poi.schemas.ooxml.system.ooxml
19:44:28.961 [main] TRACE - Resolving type for handle themefd26doctype
19:44:29.343 [main] TRACE - Resolving type for handle stylesheet5d8bdoctype
19:44:29.361 [main] TRACE - Resolving type for handle ctstylesheet4257type
19:44:29.384 [main] TRACE - Resolving type for handle ctfonts6623type
19:44:29.393 [main] TRACE - Resolving type for handle ctfont14d8type
19:44:29.416 [main] TRACE - Resolving type for handle ctfills2c6ftype
19:44:29.425 [main] TRACE - Resolving type for handle ctfill550ctype
19:44:29.434 [main] TRACE - Resolving type for handle ctborders0d66type
19:44:29.443 [main] TRACE - Resolving type for handle ctborderf935type
19:44:29.457 [main] TRACE - Resolving type for handle ctcellxfs1322type
19:44:29.468 [main] TRACE - Resolving type for handle ctxf97f7type
19:44:29.482 [main] TRACE - Resolving type for handle ctcellstylexfsa81ftype
19:44:29.489 [main] TRACE - Resolving type for handle ctdxfsb26atype
19:44:29.499 [main] TRACE - Resolving type for handle cttablestyles872ftype
19:44:29.511 [main] TRACE - Resolving type for handle sstf81fdoctype
19:44:29.526 [main] TRACE - Resolving type for handle ctsst44f3type
19:44:29.584 [main] TRACE - Resolving type for handle ctrsta472type
19:44:29.771 [main] DEBUG - using default POIXMLDocumentPart for http://schemas.openxmlformats.org/officeDocument/2006/relationships/printerSettings
19:44:29.777 [main] TRACE - Resolving type for handle workbookec17doctype
19:44:29.796 [main] TRACE - Resolving type for handle ctworkbook83c3type
19:44:29.816 [main] TRACE - Resolving type for handle ctsheets49fdtype
19:44:29.827 [main] TRACE - Resolving type for handle ctsheet4dbetype
19:44:29.837 [main] TRACE - Resolving type for handle strelationshipid1e94type
19:44:29.850 [main] TRACE - Resolving type for handle worksheetf539doctype
19:44:29.883 [main] TRACE - Resolving type for handle ctworksheet530dtype
19:44:29.918 [main] TRACE - Resolving type for handle ctsheetdata8408type
19:44:29.930 [main] TRACE - Resolving type for handle ctrowdd39type
19:44:29.954 [main] TRACE - Resolving type for handle ctcell842btype
19:44:29.999 [main] TRACE - Resolving type for handle stcellrefe4e0type
19:44:30.044 [main] TRACE - Resolving type for handle ctcols627ctype
19:44:30.069 [main] TRACE - Resolving type for handle ctcola95ftype
19:44:30.179 [main] TRACE - Resolving type for handle stxstringf179type
19:44:30.194 [main] TRACE - Resolving type for handle stcelltypebf95type
19:44:30.246 [main] TRACE - Resolving type for handle stcellstylexfid70c7type
19:44:30.267 [main] TRACE - Resolving type for handle stnumfmtid76fbtype
19:44:30.280 [main] TRACE - Resolving type for handle ctworkbookpr03a5type
19:44:30.316 [main] TRACE - Resolving type for handle ctrelt6464type
19:44:30.326 [main] TRACE - Resolving type for handle ctrpreltecc2type
19:44:30.346 [main] TRACE - Resolving type for handle ctfontname2dc3type
19:46:54.246 [main] DEBUG - Parsing relationship: /xl/_rels/workbook.xml.rels
19:46:54.271 [main] DEBUG - Parsing relationship: /xl/worksheets/_rels/sheet1.xml.rels
19:46:54.275 [main] DEBUG - Parsing relationship: /_rels/.rels
19:46:55.307 [main] TRACE - Loading type system org.apache.poi.schemas.ooxml.system.ooxml
19:46:55.320 [main] TRACE - Loading type system org.apache.xmlbeans.metadata.system.sXMLCONFIG
19:46:55.323 [main] TRACE - Loading type system org.apache.xmlbeans.metadata.system.sXMLLANG
19:46:55.325 [main] TRACE - Loading type system org.apache.xmlbeans.metadata.system.sXMLSCHEMA
19:46:55.328 [main] TRACE - Loading type system org.apache.xmlbeans.metadata.system.sXMLTOOLS
19:46:55.333 [main] TRACE - Reading unresolved handles for type system org.apache.xmlbeans.metadata.system.sXMLTOOLS
19:46:55.412 [main] TRACE - Finished loading type system org.apache.xmlbeans.metadata.system.sXMLTOOLS
19:46:55.416 [main] TRACE - Reading unresolved handles for type system org.apache.xmlbeans.metadata.system.sXMLSCHEMA
19:46:55.443 [main] TRACE - Finished loading type system org.apache.xmlbeans.metadata.system.sXMLSCHEMA
19:46:55.448 [main] TRACE - Reading unresolved handles for type system org.apache.xmlbeans.metadata.system.sXMLLANG
19:46:55.453 [main] TRACE - Finished loading type system org.apache.xmlbeans.metadata.system.sXMLLANG
19:46:55.457 [main] TRACE - Reading unresolved handles for type system org.apache.xmlbeans.metadata.system.sXMLCONFIG
19:46:55.461 [main] TRACE - Finished loading type system org.apache.xmlbeans.metadata.system.sXMLCONFIG
19:46:55.464 [main] TRACE - Reading unresolved handles for type system org.apache.poi.schemas.ooxml.system.ooxml
19:46:55.638 [main] TRACE - Finished loading type system org.apache.poi.schemas.ooxml.system.ooxml
19:46:55.645 [main] TRACE - Resolving type for handle themefd26doctype
19:46:55.980 [main] TRACE - Resolving type for handle stylesheet5d8bdoctype
19:46:55.998 [main] TRACE - Resolving type for handle ctstylesheet4257type
19:46:56.029 [main] TRACE - Resolving type for handle ctfonts6623type
19:46:56.045 [main] TRACE - Resolving type for handle ctfont14d8type
19:46:56.079 [main] TRACE - Resolving type for handle ctfills2c6ftype
19:46:56.093 [main] TRACE - Resolving type for handle ctfill550ctype
19:46:56.109 [main] TRACE - Resolving type for handle ctborders0d66type
19:46:56.126 [main] TRACE - Resolving type for handle ctborderf935type
19:46:56.141 [main] TRACE - Resolving type for handle ctcellxfs1322type
19:46:56.155 [main] TRACE - Resolving type for handle ctxf97f7type
19:46:56.170 [main] TRACE - Resolving type for handle ctcellstylexfsa81ftype
19:46:56.186 [main] TRACE - Resolving type for handle ctdxfsb26atype
19:46:56.200 [main] TRACE - Resolving type for handle cttablestyles872ftype
19:46:56.218 [main] TRACE - Resolving type for handle sstf81fdoctype
19:46:56.233 [main] TRACE - Resolving type for handle ctsst44f3type
19:46:56.294 [main] TRACE - Resolving type for handle ctrsta472type
19:46:56.452 [main] DEBUG - using default POIXMLDocumentPart for http://schemas.openxmlformats.org/officeDocument/2006/relationships/printerSettings
19:46:56.471 [main] TRACE - Resolving type for handle workbookec17doctype
19:46:56.487 [main] TRACE - Resolving type for handle ctworkbook83c3type
19:46:56.515 [main] TRACE - Resolving type for handle ctsheets49fdtype
19:46:56.526 [main] TRACE - Resolving type for handle ctsheet4dbetype
19:46:56.533 [main] TRACE - Resolving type for handle strelationshipid1e94type
19:46:56.544 [main] TRACE - Resolving type for handle worksheetf539doctype
19:46:56.558 [main] TRACE - Resolving type for handle ctworksheet530dtype
19:46:56.581 [main] TRACE - Resolving type for handle ctsheetdata8408type
19:46:56.589 [main] TRACE - Resolving type for handle ctrowdd39type
19:46:56.605 [main] TRACE - Resolving type for handle ctcell842btype
19:46:56.630 [main] TRACE - Resolving type for handle stcellrefe4e0type
19:46:56.662 [main] TRACE - Resolving type for handle ctcols627ctype
19:46:56.677 [main] TRACE - Resolving type for handle ctcola95ftype
19:46:56.746 [main] TRACE - Resolving type for handle stxstringf179type
19:46:56.757 [main] TRACE - Resolving type for handle stcelltypebf95type
19:46:56.794 [main] TRACE - Resolving type for handle stcellstylexfid70c7type
19:46:56.806 [main] TRACE - Resolving type for handle stnumfmtid76fbtype
19:46:56.816 [main] TRACE - Resolving type for handle ctworkbookpr03a5type
19:46:56.841 [main] TRACE - Resolving type for handle ctrelt6464type
19:46:56.846 [main] TRACE - Resolving type for handle ctrpreltecc2type
19:46:56.860 [main] TRACE - Resolving type for handle ctfontname2dc3type
19:47:12.457 [main] INFO  - ************Opening gift card page************
19:47:40.351 [main] INFO  - ************Choosing occasion as Anniversary/Birthday************
19:47:40.812 [main] INFO  - ************Entering amount as 1000***********
19:47:42.406 [main] INFO  - ************Filling the details in the form***********
19:47:50.220 [main] INFO  - ************Submitting the form************
19:47:50.701 [main] INFO  - ************Printing the Confirmation Message************
19:48:06.300 [main] INFO  - ************Opening gift card page************
19:48:31.801 [main] INFO  - ************Choosing occasion as Anniversary/Birthday************
19:48:32.408 [main] INFO  - ************Entering amount as 1000***********
19:48:33.810 [main] INFO  - ************Filling the details in the form***********
19:48:41.824 [main] INFO  - ************Submitting the form************
19:48:42.263 [main] INFO  - ************Printing the Confirmation Message************
19:49:00.234 [main] INFO  - ************Opening gift card page************
19:49:27.141 [main] INFO  - ************Choosing occasion as Anniversary/Birthday************
19:49:27.617 [main] INFO  - ************Entering amount as 1000***********
19:49:28.810 [main] INFO  - ************Filling the details in the form***********
19:49:36.673 [main] INFO  - ************Submitting the form************
19:49:36.835 [main] INFO  - ************Printing the Confirmation Message************
19:49:51.769 [main] INFO  - ************Opening gift card page************
19:50:18.856 [main] INFO  - ************Choosing occasion as Anniversary/Birthday************
19:50:19.237 [main] INFO  - ************Entering amount as 1000***********
19:50:20.112 [main] INFO  - ************Filling the details in the form***********
19:50:28.699 [main] INFO  - ************Submitting the form************
19:50:29.237 [main] INFO  - ************Printing the Confirmation Message************
19:56:30.586 [main] INFO  - ************Opening gift card page************
19:56:57.692 [main] INFO  - ************Choosing occasion as Anniversary/Birthday************
19:56:58.024 [main] INFO  - ************Entering amount as 1000***********
19:56:59.230 [main] INFO  - ************Filling the details in the form***********
19:57:07.530 [main] INFO  - ************Submitting the form************
19:57:07.682 [main] INFO  - ************Printing the Confirmation Message************
19:57:45.537 [main] INFO  - ************Opening gift card page************
19:58:12.899 [main] INFO  - ************Choosing occasion as Anniversary/Birthday************
19:58:13.276 [main] INFO  - ************Entering amount as 1000***********
19:58:14.575 [main] INFO  - ************Filling the details in the form***********
19:58:22.803 [main] INFO  - ************Submitting the form************
19:58:23.235 [main] INFO  - ************Printing the Confirmation Message************
20:01:18.732 [main] INFO  - ************Starts searching************
20:01:26.112 [main] INFO  - ************Choosing category as Bookshelves************
20:01:31.881 [main] INFO  - ************Choosing price range below 15000************
20:01:43.011 [main] INFO  - ************Excluding out of stock************
20:01:53.245 [main] INFO  - ************sorting as high to low************
20:01:54.517 [main] INFO  - ************TOP 3 Bookshelves************
20:02:10.311 [main] INFO  - ************Sub menu 1************
20:02:12.809 [main] INFO  - ************Sub menu 2************
20:02:12.890 [main] INFO  - ************Sub menu 3************
20:02:29.021 [main] INFO  - ************Opening gift card page************
20:03:05.381 [main] INFO  - ************Choosing occasion as Anniversary/Birthday************
20:03:05.777 [main] INFO  - ************Entering amount as 1000***********
20:03:10.327 [main] DEBUG - Parsing relationship: /xl/_rels/workbook.xml.rels
20:03:10.337 [main] DEBUG - Parsing relationship: /xl/worksheets/_rels/sheet1.xml.rels
20:03:10.341 [main] DEBUG - Parsing relationship: /_rels/.rels
20:03:11.517 [main] TRACE - Loading type system org.apache.poi.schemas.ooxml.system.ooxml
20:03:11.531 [main] TRACE - Loading type system org.apache.xmlbeans.metadata.system.sXMLCONFIG
20:03:11.534 [main] TRACE - Loading type system org.apache.xmlbeans.metadata.system.sXMLLANG
20:03:11.536 [main] TRACE - Loading type system org.apache.xmlbeans.metadata.system.sXMLSCHEMA
20:03:11.539 [main] TRACE - Loading type system org.apache.xmlbeans.metadata.system.sXMLTOOLS
20:03:11.544 [main] TRACE - Reading unresolved handles for type system org.apache.xmlbeans.metadata.system.sXMLTOOLS
20:03:11.608 [main] TRACE - Finished loading type system org.apache.xmlbeans.metadata.system.sXMLTOOLS
20:03:11.611 [main] TRACE - Reading unresolved handles for type system org.apache.xmlbeans.metadata.system.sXMLSCHEMA
20:03:11.631 [main] TRACE - Finished loading type system org.apache.xmlbeans.metadata.system.sXMLSCHEMA
20:03:11.636 [main] TRACE - Reading unresolved handles for type system org.apache.xmlbeans.metadata.system.sXMLLANG
20:03:11.641 [main] TRACE - Finished loading type system org.apache.xmlbeans.metadata.system.sXMLLANG
20:03:11.648 [main] TRACE - Reading unresolved handles for type system org.apache.xmlbeans.metadata.system.sXMLCONFIG
20:03:11.656 [main] TRACE - Finished loading type system org.apache.xmlbeans.metadata.system.sXMLCONFIG
20:03:11.662 [main] TRACE - Reading unresolved handles for type system org.apache.poi.schemas.ooxml.system.ooxml
20:03:11.859 [main] TRACE - Finished loading type system org.apache.poi.schemas.ooxml.system.ooxml
20:03:11.863 [main] TRACE - Resolving type for handle themefd26doctype
20:03:12.102 [main] TRACE - Resolving type for handle stylesheet5d8bdoctype
20:03:12.117 [main] TRACE - Resolving type for handle ctstylesheet4257type
20:03:12.138 [main] TRACE - Resolving type for handle ctfonts6623type
20:03:12.152 [main] TRACE - Resolving type for handle ctfont14d8type
20:03:12.176 [main] TRACE - Resolving type for handle ctfills2c6ftype
20:03:12.188 [main] TRACE - Resolving type for handle ctfill550ctype
20:03:12.199 [main] TRACE - Resolving type for handle ctborders0d66type
20:03:12.210 [main] TRACE - Resolving type for handle ctborderf935type
20:03:12.223 [main] TRACE - Resolving type for handle ctcellxfs1322type
20:03:12.235 [main] TRACE - Resolving type for handle ctxf97f7type
20:03:12.246 [main] TRACE - Resolving type for handle ctcellstylexfsa81ftype
20:03:12.254 [main] TRACE - Resolving type for handle ctdxfsb26atype
20:03:12.265 [main] TRACE - Resolving type for handle cttablestyles872ftype
20:03:12.279 [main] TRACE - Resolving type for handle sstf81fdoctype
20:03:12.293 [main] TRACE - Resolving type for handle ctsst44f3type
20:03:12.335 [main] TRACE - Resolving type for handle ctrsta472type
20:03:12.464 [main] DEBUG - using default POIXMLDocumentPart for http://schemas.openxmlformats.org/officeDocument/2006/relationships/printerSettings
20:03:12.468 [main] TRACE - Resolving type for handle workbookec17doctype
20:03:12.482 [main] TRACE - Resolving type for handle ctworkbook83c3type
20:03:12.500 [main] TRACE - Resolving type for handle ctsheets49fdtype
20:03:12.510 [main] TRACE - Resolving type for handle ctsheet4dbetype
20:03:12.518 [main] TRACE - Resolving type for handle strelationshipid1e94type
20:03:12.531 [main] TRACE - Resolving type for handle worksheetf539doctype
20:03:12.548 [main] TRACE - Resolving type for handle ctworksheet530dtype
20:03:12.573 [main] TRACE - Resolving type for handle ctsheetdata8408type
20:03:12.584 [main] TRACE - Resolving type for handle ctrowdd39type
20:03:12.604 [main] TRACE - Resolving type for handle ctcell842btype
20:03:12.633 [main] TRACE - Resolving type for handle stcellrefe4e0type
20:03:12.679 [main] TRACE - Resolving type for handle ctcols627ctype
20:03:12.702 [main] TRACE - Resolving type for handle ctcola95ftype
20:03:12.811 [main] TRACE - Resolving type for handle stxstringf179type
20:03:12.828 [main] TRACE - Resolving type for handle stcelltypebf95type
20:03:13.022 [main] TRACE - Resolving type for handle stcellstylexfid70c7type
20:03:13.061 [main] TRACE - Resolving type for handle stnumfmtid76fbtype
20:03:13.094 [main] TRACE - Resolving type for handle ctworkbookpr03a5type
20:03:13.143 [main] TRACE - Resolving type for handle ctrelt6464type
20:03:13.152 [main] TRACE - Resolving type for handle ctrpreltecc2type
20:03:13.178 [main] TRACE - Resolving type for handle ctfontname2dc3type
20:03:29.721 [main] INFO  - ************Opening gift card page************
20:03:55.584 [main] INFO  - ************Choosing occasion as Anniversary/Birthday************
20:03:55.918 [main] INFO  - ************Entering amount as 1000***********
20:03:56.945 [main] INFO  - ************Filling the details in the form***********
20:04:05.058 [main] INFO  - ************Submitting the form************
20:04:05.500 [main] INFO  - ************Printing the Confirmation Message************
20:04:25.493 [main] INFO  - ************Opening gift card page************
20:04:53.534 [main] INFO  - ************Choosing occasion as Anniversary/Birthday************
20:04:53.944 [main] INFO  - ************Entering amount as 1000***********
20:04:55.381 [main] INFO  - ************Filling the details in the form***********
20:05:03.882 [main] INFO  - ************Submitting the form************
20:05:04.342 [main] INFO  - ************Printing the Confirmation Message************
20:05:20.857 [main] INFO  - ************Opening gift card page************
20:05:47.945 [main] INFO  - ************Choosing occasion as Anniversary/Birthday************
20:05:48.362 [main] INFO  - ************Entering amount as 1000***********
20:05:49.846 [main] INFO  - ************Filling the details in the form***********
20:05:58.085 [main] INFO  - ************Submitting the form************
20:05:58.233 [main] INFO  - ************Printing the Confirmation Message************
20:06:13.347 [main] INFO  - ************Opening gift card page************
20:06:40.153 [main] INFO  - ************Choosing occasion as Anniversary/Birthday************
20:06:40.843 [main] INFO  - ************Entering amount as 1000***********
20:06:41.948 [main] INFO  - ************Filling the details in the form***********
20:06:49.811 [main] INFO  - ************Submitting the form************
20:06:50.330 [main] INFO  - ************Printing the Confirmation Message************
20:09:23.519 [main] INFO  - ************Starts searching************
20:09:31.085 [main] INFO  - ************Choosing category as Bookshelves************
20:09:37.232 [main] INFO  - ************Choosing price range below 15000************
20:09:48.975 [main] INFO  - ************Excluding out of stock************
20:09:50.417 [main] INFO  - ************sorting as high to low************
20:09:57.751 [main] INFO  - ************TOP 3 Bookshelves************
20:10:14.798 [main] INFO  - ************Sub menu 1************
20:10:18.311 [main] INFO  - ************Sub menu 2************
20:10:18.404 [main] INFO  - ************Sub menu 3************
20:10:34.382 [main] INFO  - ************Opening gift card page************
01:02:41.976 [main] DEBUG - Parsing relationship: /xl/_rels/workbook.xml.rels
01:02:42.004 [main] DEBUG - Parsing relationship: /xl/worksheets/_rels/sheet1.xml.rels
01:02:42.008 [main] DEBUG - Parsing relationship: /_rels/.rels
01:02:42.981 [main] TRACE - Loading type system org.apache.poi.schemas.ooxml.system.ooxml
01:02:42.991 [main] TRACE - Loading type system org.apache.xmlbeans.metadata.system.sXMLCONFIG
01:02:42.993 [main] TRACE - Loading type system org.apache.xmlbeans.metadata.system.sXMLLANG
01:02:42.995 [main] TRACE - Loading type system org.apache.xmlbeans.metadata.system.sXMLSCHEMA
01:02:42.997 [main] TRACE - Loading type system org.apache.xmlbeans.metadata.system.sXMLTOOLS
01:02:43.003 [main] TRACE - Reading unresolved handles for type system org.apache.xmlbeans.metadata.system.sXMLTOOLS
01:02:43.053 [main] TRACE - Finished loading type system org.apache.xmlbeans.metadata.system.sXMLTOOLS
01:02:43.057 [main] TRACE - Reading unresolved handles for type system org.apache.xmlbeans.metadata.system.sXMLSCHEMA
01:02:43.067 [main] TRACE - Finished loading type system org.apache.xmlbeans.metadata.system.sXMLSCHEMA
01:02:43.072 [main] TRACE - Reading unresolved handles for type system org.apache.xmlbeans.metadata.system.sXMLLANG
01:02:43.089 [main] TRACE - Finished loading type system org.apache.xmlbeans.metadata.system.sXMLLANG
01:02:43.092 [main] TRACE - Reading unresolved handles for type system org.apache.xmlbeans.metadata.system.sXMLCONFIG
01:02:43.095 [main] TRACE - Finished loading type system org.apache.xmlbeans.metadata.system.sXMLCONFIG
01:02:43.099 [main] TRACE - Reading unresolved handles for type system org.apache.poi.schemas.ooxml.system.ooxml
01:02:43.268 [main] TRACE - Finished loading type system org.apache.poi.schemas.ooxml.system.ooxml
01:02:43.271 [main] TRACE - Resolving type for handle themefd26doctype
01:02:43.578 [main] TRACE - Resolving type for handle stylesheet5d8bdoctype
01:02:43.619 [main] TRACE - Resolving type for handle ctstylesheet4257type
01:02:43.643 [main] TRACE - Resolving type for handle ctfonts6623type
01:02:43.659 [main] TRACE - Resolving type for handle ctfont14d8type
01:02:43.688 [main] TRACE - Resolving type for handle ctfills2c6ftype
01:02:43.705 [main] TRACE - Resolving type for handle ctfill550ctype
01:02:43.747 [main] TRACE - Resolving type for handle ctborders0d66type
01:02:43.762 [main] TRACE - Resolving type for handle ctborderf935type
01:02:43.784 [main] TRACE - Resolving type for handle ctcellxfs1322type
01:02:43.802 [main] TRACE - Resolving type for handle ctxf97f7type
01:02:43.816 [main] TRACE - Resolving type for handle ctcellstylexfsa81ftype
01:02:43.828 [main] TRACE - Resolving type for handle ctdxfsb26atype
01:02:43.844 [main] TRACE - Resolving type for handle cttablestyles872ftype
01:02:43.865 [main] TRACE - Resolving type for handle sstf81fdoctype
01:02:43.894 [main] TRACE - Resolving type for handle ctsst44f3type
01:02:43.965 [main] TRACE - Resolving type for handle ctrsta472type
01:02:44.133 [main] DEBUG - using default POIXMLDocumentPart for http://schemas.openxmlformats.org/officeDocument/2006/relationships/printerSettings
01:02:44.137 [main] TRACE - Resolving type for handle workbookec17doctype
01:02:44.153 [main] TRACE - Resolving type for handle ctworkbook83c3type
01:02:44.174 [main] TRACE - Resolving type for handle ctsheets49fdtype
01:02:44.187 [main] TRACE - Resolving type for handle ctsheet4dbetype
01:02:44.197 [main] TRACE - Resolving type for handle strelationshipid1e94type
01:02:44.208 [main] TRACE - Resolving type for handle worksheetf539doctype
01:02:44.224 [main] TRACE - Resolving type for handle ctworksheet530dtype
01:02:44.247 [main] TRACE - Resolving type for handle ctsheetdata8408type
01:02:44.256 [main] TRACE - Resolving type for handle ctrowdd39type
01:02:44.273 [main] TRACE - Resolving type for handle ctcell842btype
01:02:44.297 [main] TRACE - Resolving type for handle stcellrefe4e0type
01:02:44.324 [main] TRACE - Resolving type for handle ctcols627ctype
01:02:44.340 [main] TRACE - Resolving type for handle ctcola95ftype
01:02:44.409 [main] TRACE - Resolving type for handle stxstringf179type
01:02:44.418 [main] TRACE - Resolving type for handle stcelltypebf95type
01:02:44.443 [main] TRACE - Resolving type for handle ctrelt6464type
01:02:44.449 [main] TRACE - Resolving type for handle ctrpreltecc2type
01:02:44.462 [main] TRACE - Resolving type for handle ctfontname2dc3type
01:03:38.121 [main] DEBUG - Parsing relationship: /xl/_rels/workbook.xml.rels
01:03:38.126 [main] DEBUG - Parsing relationship: /xl/worksheets/_rels/sheet1.xml.rels
01:03:38.129 [main] DEBUG - Parsing relationship: /_rels/.rels
01:03:38.236 [main] DEBUG - using default POIXMLDocumentPart for http://schemas.openxmlformats.org/officeDocument/2006/relationships/printerSettings
01:08:17.816 [main] DEBUG - Parsing relationship: /xl/_rels/workbook.xml.rels
01:08:17.839 [main] DEBUG - Parsing relationship: /xl/worksheets/_rels/sheet1.xml.rels
01:08:17.842 [main] DEBUG - Parsing relationship: /_rels/.rels
01:08:18.716 [main] TRACE - Loading type system org.apache.poi.schemas.ooxml.system.ooxml
01:08:18.725 [main] TRACE - Loading type system org.apache.xmlbeans.metadata.system.sXMLCONFIG
01:08:18.726 [main] TRACE - Loading type system org.apache.xmlbeans.metadata.system.sXMLLANG
01:08:18.728 [main] TRACE - Loading type system org.apache.xmlbeans.metadata.system.sXMLSCHEMA
01:08:18.730 [main] TRACE - Loading type system org.apache.xmlbeans.metadata.system.sXMLTOOLS
01:08:18.735 [main] TRACE - Reading unresolved handles for type system org.apache.xmlbeans.metadata.system.sXMLTOOLS
01:08:18.786 [main] TRACE - Finished loading type system org.apache.xmlbeans.metadata.system.sXMLTOOLS
01:08:18.791 [main] TRACE - Reading unresolved handles for type system org.apache.xmlbeans.metadata.system.sXMLSCHEMA
01:08:18.802 [main] TRACE - Finished loading type system org.apache.xmlbeans.metadata.system.sXMLSCHEMA
01:08:18.808 [main] TRACE - Reading unresolved handles for type system org.apache.xmlbeans.metadata.system.sXMLLANG
01:08:18.811 [main] TRACE - Finished loading type system org.apache.xmlbeans.metadata.system.sXMLLANG
01:08:18.816 [main] TRACE - Reading unresolved handles for type system org.apache.xmlbeans.metadata.system.sXMLCONFIG
01:08:18.820 [main] TRACE - Finished loading type system org.apache.xmlbeans.metadata.system.sXMLCONFIG
01:08:18.826 [main] TRACE - Reading unresolved handles for type system org.apache.poi.schemas.ooxml.system.ooxml
01:08:18.955 [main] TRACE - Finished loading type system org.apache.poi.schemas.ooxml.system.ooxml
01:08:18.958 [main] TRACE - Resolving type for handle themefd26doctype
01:08:19.206 [main] TRACE - Resolving type for handle stylesheet5d8bdoctype
01:08:19.224 [main] TRACE - Resolving type for handle ctstylesheet4257type
01:08:19.247 [main] TRACE - Resolving type for handle ctfonts6623type
01:08:19.260 [main] TRACE - Resolving type for handle ctfont14d8type
01:08:19.287 [main] TRACE - Resolving type for handle ctfills2c6ftype
01:08:19.298 [main] TRACE - Resolving type for handle ctfill550ctype
01:08:19.314 [main] TRACE - Resolving type for handle ctborders0d66type
01:08:19.327 [main] TRACE - Resolving type for handle ctborderf935type
01:08:19.340 [main] TRACE - Resolving type for handle ctcellxfs1322type
01:08:19.353 [main] TRACE - Resolving type for handle ctxf97f7type
01:08:19.363 [main] TRACE - Resolving type for handle ctcellstylexfsa81ftype
01:08:19.372 [main] TRACE - Resolving type for handle ctdxfsb26atype
01:08:19.383 [main] TRACE - Resolving type for handle cttablestyles872ftype
01:08:19.398 [main] TRACE - Resolving type for handle sstf81fdoctype
01:08:19.412 [main] TRACE - Resolving type for handle ctsst44f3type
01:08:19.463 [main] TRACE - Resolving type for handle ctrsta472type
01:08:19.620 [main] DEBUG - using default POIXMLDocumentPart for http://schemas.openxmlformats.org/officeDocument/2006/relationships/printerSettings
01:08:19.625 [main] TRACE - Resolving type for handle workbookec17doctype
01:08:19.644 [main] TRACE - Resolving type for handle ctworkbook83c3type
01:08:19.665 [main] TRACE - Resolving type for handle ctsheets49fdtype
01:08:19.674 [main] TRACE - Resolving type for handle ctsheet4dbetype
01:08:19.684 [main] TRACE - Resolving type for handle strelationshipid1e94type
01:08:19.696 [main] TRACE - Resolving type for handle worksheetf539doctype
01:08:19.713 [main] TRACE - Resolving type for handle ctworksheet530dtype
01:08:19.743 [main] TRACE - Resolving type for handle ctsheetdata8408type
01:08:19.755 [main] TRACE - Resolving type for handle ctrowdd39type
01:08:19.781 [main] TRACE - Resolving type for handle ctcell842btype
01:08:19.809 [main] TRACE - Resolving type for handle stcellrefe4e0type
01:08:19.844 [main] TRACE - Resolving type for handle ctcols627ctype
01:08:19.864 [main] TRACE - Resolving type for handle ctcola95ftype
01:08:19.936 [main] TRACE - Resolving type for handle stxstringf179type
01:08:19.944 [main] TRACE - Resolving type for handle stcelltypebf95type
01:08:19.980 [main] TRACE - Resolving type for handle stcellstylexfid70c7type
01:08:19.999 [main] TRACE - Resolving type for handle stnumfmtid76fbtype
01:08:20.012 [main] TRACE - Resolving type for handle ctworkbookpr03a5type
01:08:20.049 [main] TRACE - Resolving type for handle ctrelt6464type
01:08:20.055 [main] TRACE - Resolving type for handle ctrpreltecc2type
01:08:20.077 [main] TRACE - Resolving type for handle ctfontname2dc3type
01:09:11.362 [main] DEBUG - Parsing relationship: /xl/_rels/workbook.xml.rels
01:09:11.366 [main] DEBUG - Parsing relationship: /xl/worksheets/_rels/sheet1.xml.rels
01:09:11.368 [main] DEBUG - Parsing relationship: /_rels/.rels
01:09:11.408 [main] DEBUG - using default POIXMLDocumentPart for http://schemas.openxmlformats.org/officeDocument/2006/relationships/printerSettings
01:10:54.929 [main] DEBUG - Parsing relationship: /xl/_rels/workbook.xml.rels
01:10:54.939 [main] DEBUG - Parsing relationship: /xl/worksheets/_rels/sheet1.xml.rels
01:10:54.948 [main] DEBUG - Parsing relationship: /_rels/.rels
01:10:55.040 [main] DEBUG - using default POIXMLDocumentPart for http://schemas.openxmlformats.org/officeDocument/2006/relationships/printerSettings
01:19:38.434 [main] DEBUG - Parsing relationship: /xl/_rels/workbook.xml.rels
01:19:38.463 [main] DEBUG - Parsing relationship: /xl/worksheets/_rels/sheet1.xml.rels
01:19:38.470 [main] DEBUG - Parsing relationship: /_rels/.rels
01:19:39.306 [main] TRACE - Loading type system org.apache.poi.schemas.ooxml.system.ooxml
01:19:39.321 [main] TRACE - Loading type system org.apache.xmlbeans.metadata.system.sXMLCONFIG
01:19:39.324 [main] TRACE - Loading type system org.apache.xmlbeans.metadata.system.sXMLLANG
01:19:39.327 [main] TRACE - Loading type system org.apache.xmlbeans.metadata.system.sXMLSCHEMA
01:19:39.329 [main] TRACE - Loading type system org.apache.xmlbeans.metadata.system.sXMLTOOLS
01:19:39.336 [main] TRACE - Reading unresolved handles for type system org.apache.xmlbeans.metadata.system.sXMLTOOLS
01:19:39.405 [main] TRACE - Finished loading type system org.apache.xmlbeans.metadata.system.sXMLTOOLS
01:19:39.411 [main] TRACE - Reading unresolved handles for type system org.apache.xmlbeans.metadata.system.sXMLSCHEMA
01:19:39.423 [main] TRACE - Finished loading type system org.apache.xmlbeans.metadata.system.sXMLSCHEMA
01:19:39.429 [main] TRACE - Reading unresolved handles for type system org.apache.xmlbeans.metadata.system.sXMLLANG
01:19:39.432 [main] TRACE - Finished loading type system org.apache.xmlbeans.metadata.system.sXMLLANG
01:19:39.436 [main] TRACE - Reading unresolved handles for type system org.apache.xmlbeans.metadata.system.sXMLCONFIG
01:19:39.439 [main] TRACE - Finished loading type system org.apache.xmlbeans.metadata.system.sXMLCONFIG
01:19:39.445 [main] TRACE - Reading unresolved handles for type system org.apache.poi.schemas.ooxml.system.ooxml
01:19:39.570 [main] TRACE - Finished loading type system org.apache.poi.schemas.ooxml.system.ooxml
01:19:39.574 [main] TRACE - Resolving type for handle themefd26doctype
01:19:39.899 [main] TRACE - Resolving type for handle stylesheet5d8bdoctype
01:19:39.923 [main] TRACE - Resolving type for handle ctstylesheet4257type
01:19:39.948 [main] TRACE - Resolving type for handle ctfonts6623type
01:19:40.092 [main] TRACE - Resolving type for handle ctfont14d8type
01:19:40.286 [main] TRACE - Resolving type for handle ctfills2c6ftype
01:19:40.299 [main] TRACE - Resolving type for handle ctfill550ctype
01:19:40.308 [main] TRACE - Resolving type for handle ctborders0d66type
01:19:40.323 [main] TRACE - Resolving type for handle ctborderf935type
01:19:40.337 [main] TRACE - Resolving type for handle ctcellxfs1322type
01:19:40.353 [main] TRACE - Resolving type for handle ctxf97f7type
01:19:40.371 [main] TRACE - Resolving type for handle ctcellstylexfsa81ftype
01:19:40.385 [main] TRACE - Resolving type for handle ctdxfsb26atype
01:19:40.398 [main] TRACE - Resolving type for handle cttablestyles872ftype
01:19:40.418 [main] TRACE - Resolving type for handle sstf81fdoctype
01:19:40.436 [main] TRACE - Resolving type for handle ctsst44f3type
01:19:40.488 [main] TRACE - Resolving type for handle ctrsta472type
01:19:40.667 [main] DEBUG - using default POIXMLDocumentPart for http://schemas.openxmlformats.org/officeDocument/2006/relationships/printerSettings
01:19:40.673 [main] TRACE - Resolving type for handle workbookec17doctype
01:19:40.692 [main] TRACE - Resolving type for handle ctworkbook83c3type
01:19:40.715 [main] TRACE - Resolving type for handle ctsheets49fdtype
01:19:40.727 [main] TRACE - Resolving type for handle ctsheet4dbetype
01:19:40.740 [main] TRACE - Resolving type for handle strelationshipid1e94type
01:19:40.754 [main] TRACE - Resolving type for handle worksheetf539doctype
01:19:40.776 [main] TRACE - Resolving type for handle ctworksheet530dtype
01:19:40.830 [main] TRACE - Resolving type for handle ctsheetdata8408type
01:19:40.849 [main] TRACE - Resolving type for handle ctrowdd39type
01:19:40.879 [main] TRACE - Resolving type for handle ctcell842btype
01:19:40.913 [main] TRACE - Resolving type for handle stcellrefe4e0type
01:19:40.960 [main] TRACE - Resolving type for handle ctcols627ctype
01:19:40.986 [main] TRACE - Resolving type for handle ctcola95ftype
01:19:41.084 [main] TRACE - Resolving type for handle stxstringf179type
01:19:41.098 [main] TRACE - Resolving type for handle stcelltypebf95type
01:19:41.145 [main] TRACE - Resolving type for handle stcellstylexfid70c7type
01:19:41.164 [main] TRACE - Resolving type for handle stnumfmtid76fbtype
01:19:41.175 [main] TRACE - Resolving type for handle ctworkbookpr03a5type
01:19:41.214 [main] TRACE - Resolving type for handle ctrelt6464type
01:19:41.228 [main] TRACE - Resolving type for handle ctrpreltecc2type
01:19:41.243 [main] TRACE - Resolving type for handle ctfontname2dc3type
01:20:33.208 [main] DEBUG - Parsing relationship: /xl/_rels/workbook.xml.rels
01:20:33.212 [main] DEBUG - Parsing relationship: /xl/worksheets/_rels/sheet1.xml.rels
01:20:33.215 [main] DEBUG - Parsing relationship: /_rels/.rels
01:20:33.314 [main] DEBUG - using default POIXMLDocumentPart for http://schemas.openxmlformats.org/officeDocument/2006/relationships/printerSettings
01:21:23.934 [main] DEBUG - Parsing relationship: /xl/_rels/workbook.xml.rels
01:21:23.937 [main] DEBUG - Parsing relationship: /xl/worksheets/_rels/sheet1.xml.rels
01:21:23.941 [main] DEBUG - Parsing relationship: /_rels/.rels
01:21:23.978 [main] DEBUG - using default POIXMLDocumentPart for http://schemas.openxmlformats.org/officeDocument/2006/relationships/printerSettings
01:22:14.130 [main] DEBUG - Parsing relationship: /xl/_rels/workbook.xml.rels
01:22:14.133 [main] DEBUG - Parsing relationship: /xl/worksheets/_rels/sheet1.xml.rels
01:22:14.148 [main] DEBUG - Parsing relationship: /_rels/.rels
01:22:14.243 [main] DEBUG - using default POIXMLDocumentPart for http://schemas.openxmlformats.org/officeDocument/2006/relationships/printerSettings
01:29:29.560 [main] DEBUG - Parsing relationship: /xl/_rels/workbook.xml.rels
01:29:29.580 [main] DEBUG - Parsing relationship: /xl/worksheets/_rels/sheet1.xml.rels
01:29:29.583 [main] DEBUG - Parsing relationship: /_rels/.rels
01:29:30.495 [main] TRACE - Loading type system org.apache.poi.schemas.ooxml.system.ooxml
01:29:30.505 [main] TRACE - Loading type system org.apache.xmlbeans.metadata.system.sXMLCONFIG
01:29:30.506 [main] TRACE - Loading type system org.apache.xmlbeans.metadata.system.sXMLLANG
01:29:30.508 [main] TRACE - Loading type system org.apache.xmlbeans.metadata.system.sXMLSCHEMA
01:29:30.510 [main] TRACE - Loading type system org.apache.xmlbeans.metadata.system.sXMLTOOLS
01:29:30.517 [main] TRACE - Reading unresolved handles for type system org.apache.xmlbeans.metadata.system.sXMLTOOLS
01:29:30.577 [main] TRACE - Finished loading type system org.apache.xmlbeans.metadata.system.sXMLTOOLS
01:29:30.581 [main] TRACE - Reading unresolved handles for type system org.apache.xmlbeans.metadata.system.sXMLSCHEMA
01:29:30.590 [main] TRACE - Finished loading type system org.apache.xmlbeans.metadata.system.sXMLSCHEMA
01:29:30.597 [main] TRACE - Reading unresolved handles for type system org.apache.xmlbeans.metadata.system.sXMLLANG
01:29:30.600 [main] TRACE - Finished loading type system org.apache.xmlbeans.metadata.system.sXMLLANG
01:29:30.606 [main] TRACE - Reading unresolved handles for type system org.apache.xmlbeans.metadata.system.sXMLCONFIG
01:29:30.610 [main] TRACE - Finished loading type system org.apache.xmlbeans.metadata.system.sXMLCONFIG
01:29:30.614 [main] TRACE - Reading unresolved handles for type system org.apache.poi.schemas.ooxml.system.ooxml
01:29:30.734 [main] TRACE - Finished loading type system org.apache.poi.schemas.ooxml.system.ooxml
01:29:30.737 [main] TRACE - Resolving type for handle themefd26doctype
01:29:30.997 [main] TRACE - Resolving type for handle stylesheet5d8bdoctype
01:29:31.013 [main] TRACE - Resolving type for handle ctstylesheet4257type
01:29:31.032 [main] TRACE - Resolving type for handle ctfonts6623type
01:29:31.047 [main] TRACE - Resolving type for handle ctfont14d8type
01:29:31.070 [main] TRACE - Resolving type for handle ctfills2c6ftype
01:29:31.082 [main] TRACE - Resolving type for handle ctfill550ctype
01:29:31.099 [main] TRACE - Resolving type for handle ctborders0d66type
01:29:31.113 [main] TRACE - Resolving type for handle ctborderf935type
01:29:31.129 [main] TRACE - Resolving type for handle ctcellxfs1322type
01:29:31.144 [main] TRACE - Resolving type for handle ctxf97f7type
01:29:31.158 [main] TRACE - Resolving type for handle ctcellstylexfsa81ftype
01:29:31.167 [main] TRACE - Resolving type for handle ctdxfsb26atype
01:29:31.179 [main] TRACE - Resolving type for handle cttablestyles872ftype
01:29:31.194 [main] TRACE - Resolving type for handle sstf81fdoctype
01:29:31.208 [main] TRACE - Resolving type for handle ctsst44f3type
01:29:31.254 [main] TRACE - Resolving type for handle ctrsta472type
01:29:31.383 [main] DEBUG - using default POIXMLDocumentPart for http://schemas.openxmlformats.org/officeDocument/2006/relationships/printerSettings
01:29:31.388 [main] TRACE - Resolving type for handle workbookec17doctype
01:29:31.401 [main] TRACE - Resolving type for handle ctworkbook83c3type
01:29:31.419 [main] TRACE - Resolving type for handle ctsheets49fdtype
01:29:31.430 [main] TRACE - Resolving type for handle ctsheet4dbetype
01:29:31.439 [main] TRACE - Resolving type for handle strelationshipid1e94type
01:29:31.449 [main] TRACE - Resolving type for handle worksheetf539doctype
01:29:31.467 [main] TRACE - Resolving type for handle ctworksheet530dtype
01:29:31.489 [main] TRACE - Resolving type for handle ctsheetdata8408type
01:29:31.497 [main] TRACE - Resolving type for handle ctrowdd39type
01:29:31.513 [main] TRACE - Resolving type for handle ctcell842btype
01:29:31.540 [main] TRACE - Resolving type for handle stcellrefe4e0type
01:29:31.575 [main] TRACE - Resolving type for handle ctcols627ctype
01:29:31.593 [main] TRACE - Resolving type for handle ctcola95ftype
01:29:31.688 [main] TRACE - Resolving type for handle stxstringf179type
01:29:31.700 [main] TRACE - Resolving type for handle stcelltypebf95type
01:29:31.733 [main] TRACE - Resolving type for handle stcellstylexfid70c7type
01:29:31.759 [main] TRACE - Resolving type for handle stnumfmtid76fbtype
01:29:31.773 [main] TRACE - Resolving type for handle ctworkbookpr03a5type
01:29:31.815 [main] TRACE - Resolving type for handle ctrelt6464type
01:29:31.823 [main] TRACE - Resolving type for handle ctrpreltecc2type
01:29:31.845 [main] TRACE - Resolving type for handle ctfontname2dc3type
01:30:24.053 [main] DEBUG - Parsing relationship: /xl/_rels/workbook.xml.rels
01:30:24.056 [main] DEBUG - Parsing relationship: /xl/worksheets/_rels/sheet1.xml.rels
01:30:24.059 [main] DEBUG - Parsing relationship: /_rels/.rels
01:30:24.117 [main] DEBUG - using default POIXMLDocumentPart for http://schemas.openxmlformats.org/officeDocument/2006/relationships/printerSettings
01:31:15.573 [main] DEBUG - Parsing relationship: /xl/_rels/workbook.xml.rels
01:31:15.579 [main] DEBUG - Parsing relationship: /xl/worksheets/_rels/sheet1.xml.rels
01:31:15.594 [main] DEBUG - Parsing relationship: /_rels/.rels
01:31:15.664 [main] DEBUG - using default POIXMLDocumentPart for http://schemas.openxmlformats.org/officeDocument/2006/relationships/printerSettings
01:32:05.365 [main] DEBUG - Parsing relationship: /xl/_rels/workbook.xml.rels
01:32:05.369 [main] DEBUG - Parsing relationship: /xl/worksheets/_rels/sheet1.xml.rels
01:32:05.371 [main] DEBUG - Parsing relationship: /_rels/.rels
01:32:05.407 [main] DEBUG - using default POIXMLDocumentPart for http://schemas.openxmlformats.org/officeDocument/2006/relationships/printerSettings
09:05:27.261 [main] DEBUG - Parsing relationship: /xl/_rels/workbook.xml.rels
09:05:27.279 [main] DEBUG - Parsing relationship: /xl/worksheets/_rels/sheet1.xml.rels
09:05:27.282 [main] DEBUG - Parsing relationship: /_rels/.rels
09:05:28.005 [main] TRACE - Loading type system org.apache.poi.schemas.ooxml.system.ooxml
09:05:28.016 [main] TRACE - Loading type system org.apache.xmlbeans.metadata.system.sXMLCONFIG
09:05:28.018 [main] TRACE - Loading type system org.apache.xmlbeans.metadata.system.sXMLLANG
09:05:28.019 [main] TRACE - Loading type system org.apache.xmlbeans.metadata.system.sXMLSCHEMA
09:05:28.021 [main] TRACE - Loading type system org.apache.xmlbeans.metadata.system.sXMLTOOLS
09:05:28.028 [main] TRACE - Reading unresolved handles for type system org.apache.xmlbeans.metadata.system.sXMLTOOLS
