21:48:47.503 [main] INFO  - ************gift card page************
21:49:13.122 [main] INFO  - ************Home page************
21:49:13.130 [main] INFO  - ************user navigated to the giftcard page************
21:49:13.319 [main] INFO  - ************Choosing occasion as Anniversary/Birthday************
21:49:13.846 [main] INFO  - ************Entering amount as 1000***********
21:49:22.388 [main] INFO  - ************Submitting the form************
21:49:38.573 [main] INFO  - ************gift card page************
21:50:03.652 [main] INFO  - ************Home page************
21:50:03.659 [main] INFO  - ************user navigated to the giftcard page************
21:50:03.836 [main] INFO  - ************Choosing occasion as Anniversary/Birthday************
21:50:04.356 [main] INFO  - ************Entering amount as 1000***********
21:50:11.485 [main] INFO  - ************Submitting the form************
21:50:32.426 [main] INFO  - ************gift card page************
21:51:01.445 [main] INFO  - ************Home page************
21:51:01.448 [main] INFO  - ************user navigated to the giftcard page************
21:51:01.618 [main] INFO  - ************Choosing occasion as Anniversary/Birthday************
21:51:02.267 [main] INFO  - ************Entering amount as 1000***********
21:51:09.253 [main] INFO  - ************Submitting the form************
21:51:39.961 [main] INFO  - ************gift card page************
21:52:06.578 [main] INFO  - ************Home page************
21:52:06.581 [main] INFO  - ************user navigated to the giftcard page************
21:52:06.731 [main] INFO  - ************Choosing occasion as Anniversary/Birthday************
21:52:07.247 [main] INFO  - ************Entering amount as 1000***********
21:52:14.453 [main] INFO  - ************Submitting the form************
13:37:08.044 [main] INFO  - ************Starts searching************
13:37:46.864 [main] INFO  - ************Sub menu 1************
13:38:32.115 [main] INFO  - ************Starts searching************
13:39:09.596 [main] INFO  - ************Choosing category as Bookshelves************
13:39:15.476 [main] INFO  - ************Choosing price range below 15000************
13:39:26.406 [main] INFO  - ************Excluding out of stock************
13:39:27.589 [main] INFO  - ************sorting as high to low************
13:39:34.210 [main] INFO  - ************TOP 3 Bookshelves************
13:39:45.011 [main] INFO  - ************Sub menu 1************
13:39:47.402 [main] INFO  - ************Sub menu 2************
13:39:47.456 [main] INFO  - ************Sub menu 3************
13:40:02.021 [main] INFO  - ************Opening gift card page************
13:40:41.956 [main] INFO  - ************Opening gift card page************
13:41:07.267 [main] INFO  - ************Choosing occasion as Anniversary/Birthday************
13:41:07.463 [main] INFO  - ************Entering amount as 1000***********
13:41:19.611 [main] INFO  - ************Opening gift card page************
13:41:44.981 [main] INFO  - ************Choosing occasion as Anniversary/Birthday************
13:41:45.205 [main] INFO  - ************Entering amount as 1000***********
13:41:45.731 [main] INFO  - ************Filling the details in the form***********
13:41:52.505 [main] INFO  - ************Submitting the form************
13:41:52.859 [main] INFO  - ************Printing the Confirmation Message************
13:42:07.540 [main] INFO  - ************Opening gift card page************
13:42:34.003 [main] INFO  - ************Choosing occasion as Anniversary/Birthday************
13:42:34.214 [main] INFO  - ************Entering amount as 1000***********
13:42:34.717 [main] INFO  - ************Filling the details in the form***********
13:42:41.448 [main] INFO  - ************Submitting the form************
13:42:41.808 [main] INFO  - ************Printing the Confirmation Message************
13:42:52.340 [main] INFO  - ************Opening gift card page************
13:43:33.985 [main] INFO  - ************Opening gift card page************
13:43:58.175 [main] INFO  - ************Choosing occasion as Anniversary/Birthday************
13:43:58.334 [main] INFO  - ************Entering amount as 1000***********
13:43:58.893 [main] INFO  - ************Filling the details in the form***********
13:44:05.524 [main] INFO  - ************Submitting the form************
13:44:05.848 [main] INFO  - ************Printing the Confirmation Message************
13:50:57.683 [main] INFO  - ************Starts searching************
13:51:40.459 [main] INFO  - ************Choosing category as Bookshelves************
13:51:46.106 [main] INFO  - ************Choosing price range below 15000************
13:51:57.128 [main] INFO  - ************Excluding out of stock************
13:51:58.308 [main] INFO  - ************sorting as high to low************
13:52:04.961 [main] INFO  - ************TOP 3 Bookshelves************
13:52:58.771 [main] INFO  - ************Opening gift card page************
13:53:45.164 [main] INFO  - ************Choosing occasion as Anniversary/Birthday************
13:53:45.347 [main] INFO  - ************Entering amount as 1000***********
13:53:57.337 [main] INFO  - ************Opening gift card page************
13:54:23.452 [main] INFO  - ************Choosing occasion as Anniversary/Birthday************
13:54:23.679 [main] INFO  - ************Entering amount as 1000***********
13:54:34.692 [main] INFO  - ************Opening gift card page************
13:55:21.016 [main] INFO  - ************Choosing occasion as Anniversary/Birthday************
13:55:21.214 [main] INFO  - ************Entering amount as 1000***********
13:55:21.785 [main] INFO  - ************Filling the details in the form***********
13:55:28.564 [main] INFO  - ************Submitting the form************
13:55:28.881 [main] INFO  - ************Printing the Confirmation Message************
13:55:55.354 [main] INFO  - ************Opening gift card page************
13:56:39.176 [main] INFO  - ************Opening gift card page************
13:57:03.898 [main] INFO  - ************Choosing occasion as Anniversary/Birthday************
13:57:04.076 [main] INFO  - ************Entering amount as 1000***********
13:57:04.601 [main] INFO  - ************Filling the details in the form***********
13:57:11.270 [main] INFO  - ************Submitting the form************
13:57:11.367 [main] INFO  - ************Printing the Confirmation Message************
13:57:20.678 [main] INFO  - ************Opening gift card page************
13:57:46.547 [main] INFO  - ************Choosing occasion as Anniversary/Birthday************
13:57:46.738 [main] INFO  - ************Entering amount as 1000***********
13:57:47.264 [main] INFO  - ************Filling the details in the form***********
13:57:54.035 [main] INFO  - ************Submitting the form************
13:57:54.394 [main] INFO  - ************Printing the Confirmation Message************
